[debug] [2024-05-27T07:14:29.282Z] ----------------------------------------------------------------------
[debug] [2024-05-27T07:14:29.283Z] Command:       /usr/local/bin/node /usr/local/bin/firebase deploy
[debug] [2024-05-27T07:14:29.283Z] CLI Version:   13.10.1
[debug] [2024-05-27T07:14:29.284Z] Platform:      darwin
[debug] [2024-05-27T07:14:29.284Z] Node Version:  v20.13.1
[debug] [2024-05-27T07:14:29.284Z] Time:          Mon May 27 2024 12:44:29 GMT+0530 (India Standard Time)
[debug] [2024-05-27T07:14:29.284Z] ----------------------------------------------------------------------
[debug] 
[debug] [2024-05-27T07:14:29.311Z] Object "" in "firebase.json" has unknown property: {"additionalProperty":"rewrites"}
[debug] [2024-05-27T07:14:29.312Z] > command requires scopes: ["email","openid","https://www.googleapis.com/auth/cloudplatformprojects.readonly","https://www.googleapis.com/auth/firebase","https://www.googleapis.com/auth/cloud-platform"]
[debug] [2024-05-27T07:14:29.312Z] > authorizing via signed-in user (vigneshwaran7797@gmail.com)
[debug] [2024-05-27T07:14:29.312Z] [iam] checking project meta-detective for permissions ["cloudfunctions.functions.create","cloudfunctions.functions.delete","cloudfunctions.functions.get","cloudfunctions.functions.list","cloudfunctions.functions.update","cloudfunctions.operations.get","firebase.projects.get","firebasehosting.sites.update"]
[debug] [2024-05-27T07:14:29.313Z] >>> [apiv2][query] POST https://cloudresourcemanager.googleapis.com/v1/projects/meta-detective:testIamPermissions [none]
[debug] [2024-05-27T07:14:29.313Z] >>> [apiv2][(partial)header] POST https://cloudresourcemanager.googleapis.com/v1/projects/meta-detective:testIamPermissions x-goog-quota-user=projects/meta-detective
[debug] [2024-05-27T07:14:29.313Z] >>> [apiv2][body] POST https://cloudresourcemanager.googleapis.com/v1/projects/meta-detective:testIamPermissions {"permissions":["cloudfunctions.functions.create","cloudfunctions.functions.delete","cloudfunctions.functions.get","cloudfunctions.functions.list","cloudfunctions.functions.update","cloudfunctions.operations.get","firebase.projects.get","firebasehosting.sites.update"]}
[debug] [2024-05-27T07:14:30.563Z] <<< [apiv2][status] POST https://cloudresourcemanager.googleapis.com/v1/projects/meta-detective:testIamPermissions 200
[debug] [2024-05-27T07:14:30.564Z] <<< [apiv2][body] POST https://cloudresourcemanager.googleapis.com/v1/projects/meta-detective:testIamPermissions {"permissions":["cloudfunctions.functions.create","cloudfunctions.functions.delete","cloudfunctions.functions.get","cloudfunctions.functions.list","cloudfunctions.functions.update","cloudfunctions.operations.get","firebase.projects.get","firebasehosting.sites.update"]}
[debug] [2024-05-27T07:14:30.564Z] >>> [apiv2][query] POST https://iam.googleapis.com/v1/projects/meta-detective/serviceAccounts/meta-detective@appspot.gserviceaccount.com:testIamPermissions [none]
[debug] [2024-05-27T07:14:30.564Z] >>> [apiv2][body] POST https://iam.googleapis.com/v1/projects/meta-detective/serviceAccounts/meta-detective@appspot.gserviceaccount.com:testIamPermissions {"permissions":["iam.serviceAccounts.actAs"]}
[debug] [2024-05-27T07:14:32.022Z] <<< [apiv2][status] POST https://iam.googleapis.com/v1/projects/meta-detective/serviceAccounts/meta-detective@appspot.gserviceaccount.com:testIamPermissions 200
[debug] [2024-05-27T07:14:32.022Z] <<< [apiv2][body] POST https://iam.googleapis.com/v1/projects/meta-detective/serviceAccounts/meta-detective@appspot.gserviceaccount.com:testIamPermissions {"permissions":["iam.serviceAccounts.actAs"]}
[debug] [2024-05-27T07:14:32.024Z] >>> [apiv2][query] GET https://firebase.googleapis.com/v1beta1/projects/meta-detective [none]
[debug] [2024-05-27T07:14:32.431Z] <<< [apiv2][status] GET https://firebase.googleapis.com/v1beta1/projects/meta-detective 200
[debug] [2024-05-27T07:14:32.431Z] <<< [apiv2][body] GET https://firebase.googleapis.com/v1beta1/projects/meta-detective {"projectId":"meta-detective","projectNumber":"2434976096","displayName":"meta Detective","name":"projects/meta-detective","resources":{"hostingSite":"meta-detective"},"state":"ACTIVE","etag":"1_7fea6c37-6df4-4544-9f67-dd809eb1d707"}
[info] 
[info] === Deploying to 'meta-detective'...
[info] 
[info] i  deploying functions, hosting 
[info] Running command: npm --prefix "$RESOURCE_DIR" run lint
[info] Running command: npm --prefix "$RESOURCE_DIR" run build
[info] ✔  functions: Finished running predeploy script. 
[debug] [2024-05-27T07:14:36.047Z] >>> [apiv2][query] GET https://firebase.googleapis.com/v1beta1/projects/meta-detective [none]
[debug] [2024-05-27T07:14:36.374Z] <<< [apiv2][status] GET https://firebase.googleapis.com/v1beta1/projects/meta-detective 200
[debug] [2024-05-27T07:14:36.375Z] <<< [apiv2][body] GET https://firebase.googleapis.com/v1beta1/projects/meta-detective {"projectId":"meta-detective","projectNumber":"2434976096","displayName":"meta Detective","name":"projects/meta-detective","resources":{"hostingSite":"meta-detective"},"state":"ACTIVE","etag":"1_7fea6c37-6df4-4544-9f67-dd809eb1d707"}
[info] i  functions: preparing codebase default for deployment 
[info] i  functions: ensuring required API cloudfunctions.googleapis.com is enabled... 
[info] i  functions: ensuring required API cloudbuild.googleapis.com is enabled... 
[info] i  artifactregistry: ensuring required API artifactregistry.googleapis.com is enabled... 
[debug] [2024-05-27T07:14:36.378Z] >>> [apiv2][query] GET https://serviceusage.googleapis.com/v1/projects/meta-detective/services/cloudfunctions.googleapis.com [none]
[debug] [2024-05-27T07:14:36.378Z] >>> [apiv2][(partial)header] GET https://serviceusage.googleapis.com/v1/projects/meta-detective/services/cloudfunctions.googleapis.com x-goog-quota-user=projects/meta-detective
[debug] [2024-05-27T07:14:36.380Z] >>> [apiv2][query] GET https://serviceusage.googleapis.com/v1/projects/meta-detective/services/runtimeconfig.googleapis.com [none]
[debug] [2024-05-27T07:14:36.380Z] >>> [apiv2][(partial)header] GET https://serviceusage.googleapis.com/v1/projects/meta-detective/services/runtimeconfig.googleapis.com x-goog-quota-user=projects/meta-detective
[debug] [2024-05-27T07:14:36.381Z] >>> [apiv2][query] GET https://serviceusage.googleapis.com/v1/projects/meta-detective/services/cloudbuild.googleapis.com [none]
[debug] [2024-05-27T07:14:36.381Z] >>> [apiv2][(partial)header] GET https://serviceusage.googleapis.com/v1/projects/meta-detective/services/cloudbuild.googleapis.com x-goog-quota-user=projects/meta-detective
[debug] [2024-05-27T07:14:36.382Z] >>> [apiv2][query] GET https://serviceusage.googleapis.com/v1/projects/meta-detective/services/artifactregistry.googleapis.com [none]
[debug] [2024-05-27T07:14:36.382Z] >>> [apiv2][(partial)header] GET https://serviceusage.googleapis.com/v1/projects/meta-detective/services/artifactregistry.googleapis.com x-goog-quota-user=projects/meta-detective
